# JRE version: OpenJDK Runtime Environment (11.0.10) (build 11.0.10+0-b96-7249189)
# Java VM: OpenJDK 64-Bit Server VM (11.0.10+0-b96-7249189, mixed mode, tiered, compressed oops, g1 gc, windows-amd64)
Heap:
 garbage-first heap   total 883712K, used 242955K [0x0000000080000000, 0x0000000100000000)
  region size 1024K, 13 young (13312K), 13 survivors (13312K)
 Metaspace       used 135954K, capacity 139931K, committed 140288K, reserved 1171456K
  class space    used 17300K, capacity 18837K, committed 18944K, reserved 1048576K
GC Heap History (20 events):
Event: 2213.292 GC heap after
{Heap after GC invocations=61 (full 0):
 garbage-first heap   total 291840K, used 149876K [0x0000000080000000, 0x0000000100000000)
  region size 1024K, 4 young (4096K), 4 survivors (4096K)
 Metaspace       used 125243K, capacity 128190K, committed 129920K, reserved 1161216K
  class space    used 15534K, capacity 16630K, committed 17280K, reserved 1048576K
}
Event: 2213.751 GC heap before
{Heap before GC invocations=61 (full 0):
 garbage-first heap   total 291840K, used 231796K [0x0000000080000000, 0x0000000100000000)
  region size 1024K, 85 young (87040K), 4 survivors (4096K)
 Metaspace       used 132701K, capacity 136391K, committed 136576K, reserved 1167360K
  class space    used 16857K, capacity 18264K, committed 18304K, reserved 1048576K
}
Event: 2213.763 GC heap after
{Heap after GC invocations=62 (full 0):
 garbage-first heap   total 291840K, used 160412K [0x0000000080000000, 0x0000000100000000)
  region size 1024K, 11 young (11264K), 11 survivors (11264K)
 Metaspace       used 132701K, capacity 136391K, committed 136576K, reserved 1167360K
  class space    used 16857K, capacity 18264K, committed 18304K, reserved 1048576K
}
Event: 2213.924 GC heap before
{Heap before GC invocations=62 (full 0):
 garbage-first heap   total 291840K, used 236188K [0x0000000080000000, 0x0000000100000000)
  region size 1024K, 86 young (88064K), 11 survivors (11264K)
 Metaspace       used 134754K, capacity 138704K, committed 138880K, reserved 1169408K
  class space    used 17208K, capacity 18719K, committed 18816K, reserved 1048576K
}
Event: 2213.936 GC heap after
{Heap after GC invocations=63 (full 0):
 garbage-first heap   total 376832K, used 163586K [0x0000000080000000, 0x0000000100000000)
  region size 1024K, 5 young (5120K), 5 survivors (5120K)
 Metaspace       used 134754K, capacity 138704K, committed 138880K, reserved 1169408K
  class space    used 17208K, capacity 18719K, committed 18816K, reserved 1048576K
}
Event: 2214.090 GC heap before
{Heap before GC invocations=63 (full 0):
 garbage-first heap   total 376832K, used 269058K [0x0000000080000000, 0x0000000100000000)
  region size 1024K, 110 young (112640K), 5 survivors (5120K)
 Metaspace       used 135181K, capacity 139181K, committed 139392K, reserved 1169408K
  class space    used 17236K, capacity 18763K, committed 18816K, reserved 1048576K
}
Event: 2214.100 GC heap after
{Heap after GC invocations=64 (full 0):
 garbage-first heap   total 376832K, used 174865K [0x0000000080000000, 0x0000000100000000)
  region size 1024K, 14 young (14336K), 14 survivors (14336K)
 Metaspace       used 135181K, capacity 139181K, committed 139392K, reserved 1169408K
  class space    used 17236K, capacity 18763K, committed 18816K, reserved 1048576K
}
Event: 2214.245 GC heap before
{Heap before GC invocations=64 (full 0):
 garbage-first heap   total 376832K, used 295697K [0x0000000080000000, 0x0000000100000000)
  region size 1024K, 133 young (136192K), 14 survivors (14336K)
 Metaspace       used 135323K, capacity 139301K, committed 139392K, reserved 1169408K
  class space    used 17246K, capacity 18779K, committed 18816K, reserved 1048576K
}
Event: 2214.262 GC heap after
{Heap after GC invocations=65 (full 0):
 garbage-first heap   total 376832K, used 185696K [0x0000000080000000, 0x0000000100000000)
  region size 1024K, 16 young (16384K), 16 survivors (16384K)
 Metaspace       used 135323K, capacity 139301K, committed 139392K, reserved 1169408K
  class space    used 17246K, capacity 18779K, committed 18816K, reserved 1048576K
}
Event: 2214.371 GC heap before
{Heap before GC invocations=65 (full 0):
 garbage-first heap   total 376832K, used 296288K [0x0000000080000000, 0x0000000100000000)
  region size 1024K, 125 young (128000K), 16 survivors (16384K)
 Metaspace       used 135335K, capacity 139309K, committed 139392K, reserved 1169408K
  class space    used 17248K, capacity 18782K, committed 18816K, reserved 1048576K
}
Event: 2214.391 GC heap after
{Heap after GC invocations=66 (full 0):
 garbage-first heap   total 376832K, used 197760K [0x0000000080000000, 0x0000000100000000)
  region size 1024K, 16 young (16384K), 16 survivors (16384K)
 Metaspace       used 135335K, capacity 139309K, committed 139392K, reserved 1169408K
  class space    used 17248K, capacity 18782K, committed 18816K, reserved 1048576K
}
Event: 2214.477 GC heap before
{Heap before GC invocations=66 (full 0):
 garbage-first heap   total 376832K, used 299136K [0x0000000080000000, 0x0000000100000000)
  region size 1024K, 115 young (117760K), 16 survivors (16384K)
 Metaspace       used 135444K, capacity 139449K, committed 139648K, reserved 1169408K
  class space    used 17253K, capacity 18785K, committed 18816K, reserved 1048576K
}
Event: 2214.503 GC heap after
{Heap after GC invocations=67 (full 0):
 garbage-first heap   total 579584K, used 212343K [0x0000000080000000, 0x0000000100000000)
  region size 1024K, 15 young (15360K), 15 survivors (15360K)
 Metaspace       used 135444K, capacity 139449K, committed 139648K, reserved 1169408K
  class space    used 17253K, capacity 18785K, committed 18816K, reserved 1048576K
}
Event: 2214.704 GC heap before
{Heap before GC invocations=67 (full 0):
 garbage-first heap   total 579584K, used 399735K [0x0000000080000000, 0x0000000100000000)
  region size 1024K, 198 young (202752K), 15 survivors (15360K)
 Metaspace       used 135674K, capacity 139666K, committed 139904K, reserved 1171456K
  class space    used 17260K, capacity 18792K, committed 18816K, reserved 1048576K
}
Event: 2214.742 GC heap after
{Heap after GC invocations=68 (full 0):
 garbage-first heap   total 579584K, used 230789K [0x0000000080000000, 0x0000000100000000)
  region size 1024K, 19 young (19456K), 19 survivors (19456K)
 Metaspace       used 135674K, capacity 139666K, committed 139904K, reserved 1171456K
  class space    used 17260K, capacity 18792K, committed 18816K, reserved 1048576K
}
Event: 2214.910 GC heap before
{Heap before GC invocations=68 (full 0):
 garbage-first heap   total 579584K, used 420229K [0x0000000080000000, 0x0000000100000000)
  region size 1024K, 205 young (209920K), 19 survivors (19456K)
 Metaspace       used 135770K, capacity 139781K, committed 140032K, reserved 1171456K
  class space    used 17278K, capacity 18830K, committed 18944K, reserved 1048576K
}
Event: 2214.946 GC heap after
{Heap after GC invocations=69 (full 0):
 garbage-first heap   total 579584K, used 237501K [0x0000000080000000, 0x0000000100000000)
  region size 1024K, 8 young (8192K), 8 survivors (8192K)
 Metaspace       used 135770K, capacity 139781K, committed 140032K, reserved 1171456K
  class space    used 17278K, capacity 18830K, committed 18944K, reserved 1048576K
}
Event: 2215.149 GC heap before
{Heap before GC invocations=69 (full 0):
 garbage-first heap   total 579584K, used 442301K [0x0000000080000000, 0x0000000100000000)
  region size 1024K, 208 young (212992K), 8 survivors (8192K)
 Metaspace       used 135928K, capacity 139924K, committed 140288K, reserved 1171456K
  class space    used 17298K, capacity 18835K, committed 18944K, reserved 1048576K
}
Event: 2215.162 GC heap after
{Heap after GC invocations=70 (full 0):
 garbage-first heap   total 579584K, used 242649K [0x0000000080000000, 0x0000000100000000)
  region size 1024K, 13 young (13312K), 13 survivors (13312K)
 Metaspace       used 135928K, capacity 139924K, committed 140288K, reserved 1171456K
  class space    used 17298K, capacity 18835K, committed 18944K, reserved 1048576K
}
Event: 2215.390 GC heap before
{Heap before GC invocations=70 (full 0):
 garbage-first heap   total 579584K, used 457689K [0x0000000080000000, 0x0000000100000000)
  region size 1024K, 223 young (228352K), 13 survivors (13312K)
 Metaspace       used 135954K, capacity 139931K, committed 140288K, reserved 1171456K
  class space    used 17300K, capacity 18837K, committed 18944K, reserved 1048576K
}

